[debug] [2022-07-04T20:03:43.196Z] ----------------------------------------------------------------------
[debug] [2022-07-04T20:03:43.197Z] Command:       C:\Program Files\nodejs\node.exe C:\Users\w10\AppData\Roaming\npm\node_modules\firebase-tools\lib\bin\firebase.js init
[debug] [2022-07-04T20:03:43.198Z] CLI Version:   11.1.0
[debug] [2022-07-04T20:03:43.198Z] Platform:      win32
[debug] [2022-07-04T20:03:43.198Z] Node Version:  v16.13.2
[debug] [2022-07-04T20:03:43.199Z] Time:          Mon Jul 04 2022 17:03:43 GMT-0300 (hora estándar de Argentina)
[debug] [2022-07-04T20:03:43.199Z] ----------------------------------------------------------------------
[debug] 
[debug] [2022-07-04T20:03:43.205Z] > command requires scopes: ["email","openid","https://www.googleapis.com/auth/cloudplatformprojects.readonly","https://www.googleapis.com/auth/firebase","https://www.googleapis.com/auth/cloud-platform"]
[debug] [2022-07-04T20:03:43.206Z] > authorizing via signed-in user (brunogentile23@gmail.com)
[info] 
     ######## #### ########  ######## ########     ###     ######  ########
     ##        ##  ##     ## ##       ##     ##  ##   ##  ##       ##
     ######    ##  ########  ######   ########  #########  ######  ######
     ##        ##  ##    ##  ##       ##     ## ##     ##       ## ##
     ##       #### ##     ## ######## ########  ##     ##  ######  ########

You're about to initialize a Firebase project in this directory:

  C:\Users\w10\Desktop\ARGENTINA PROGRAMA\31-05\proyectoAngular

[info] 
=== Project Setup
[info] 
[info] First, let's associate this project directory with a Firebase project.
[info] You can create multiple project aliases by running firebase use --add, 
[info] but for now we'll just set up a default project.
[info] 
[debug] [2022-07-04T21:30:53.776Z] > refreshing access token with scopes: []
[debug] [2022-07-04T21:30:53.782Z] >>> [apiv2][query] POST https://www.googleapis.com/oauth2/v3/token [none]
[debug] [2022-07-04T21:30:53.782Z] >>> [apiv2][body] POST https://www.googleapis.com/oauth2/v3/token [omitted]
[debug] [2022-07-04T21:30:53.996Z] <<< [apiv2][status] POST https://www.googleapis.com/oauth2/v3/token 200
[debug] [2022-07-04T21:30:53.996Z] <<< [apiv2][body] POST https://www.googleapis.com/oauth2/v3/token [omitted]
[debug] [2022-07-04T21:30:54.005Z] >>> [apiv2][query] GET https://firebase.googleapis.com/v1beta1/projects pageSize=100
[debug] [2022-07-04T21:30:54.480Z] <<< [apiv2][status] GET https://firebase.googleapis.com/v1beta1/projects 200
[debug] [2022-07-04T21:30:54.480Z] <<< [apiv2][body] GET https://firebase.googleapis.com/v1beta1/projects [omitted]
[info] i  Using project portfolio-angular-fireba-e46ce (portfolio-angular-Firebase) 
[info] 
=== Hosting Setup
[info] 
[info] Your public directory is the folder (relative to your project directory) that
[info] will contain Hosting assets to be uploaded with firebase deploy. If you
[info] have a build process for your assets, use your build's output directory.
[info] 
